<?xml version="1.0" encoding="UTF-8"?>
<testsuite name="com.example.products_microservice.ProductsMicroserviceApplicationTests" tests="1" skipped="0" failures="0" errors="0" timestamp="2025-02-02T20:20:29" hostname="lei" time="0.549">
  <properties/>
  <testcase name="contextLoads()" classname="com.example.products_microservice.ProductsMicroserviceApplicationTests" time="0.549"/>
  <system-out><![CDATA[21:20:27.347 [Test worker] INFO org.springframework.test.context.support.AnnotationConfigContextLoaderUtils -- Could not detect default configuration classes for test class [com.example.products_microservice.ProductsMicroserviceApplicationTests]: ProductsMicroserviceApplicationTests does not declare any static, non-private, non-final, nested classes annotated with @Configuration.
21:20:27.457 [Test worker] INFO org.springframework.boot.test.context.SpringBootTestContextBootstrapper -- Found @SpringBootConfiguration com.example.products_microservice.ProductsMicroserviceApplication for test class com.example.products_microservice.ProductsMicroserviceApplicationTests

  .   ____          _            __ _ _
 /\\ / ___'_ __ _ _(_)_ __  __ _ \ \ \ \
( ( )\___ | '_ | '_| | '_ \/ _` | \ \ \ \
 \\/  ___)| |_)| | | | | || (_| |  ) ) ) )
  '  |____| .__|_| |_|_| |_\__, | / / / /
 =========|_|==============|___/=/_/_/_/

 :: Spring Boot ::                (v3.4.1)

2025-02-02T21:20:27.751+01:00  INFO 22960 --- [products-microservice] [    Test worker] e.p.ProductsMicroserviceApplicationTests : Starting ProductsMicroserviceApplicationTests using Java 23.0.2 with PID 22960 (started by lei in /home/lei/dev/kafka-beginners/products-microservice)
2025-02-02T21:20:27.753+01:00  INFO 22960 --- [products-microservice] [    Test worker] e.p.ProductsMicroserviceApplicationTests : No active profile set, falling back to 1 default profile: "default"
2025-02-02T21:20:28.734+01:00  INFO 22960 --- [products-microservice] [    Test worker] o.a.k.clients.admin.AdminClientConfig    : AdminClientConfig values: 
	auto.include.jmx.reporter = true
	bootstrap.controllers = []
	bootstrap.servers = [localhost:9092]
	client.dns.lookup = use_all_dns_ips
	client.id = products-microservice-admin-0
	connections.max.idle.ms = 300000
	default.api.timeout.ms = 60000
	enable.metrics.push = true
	metadata.max.age.ms = 300000
	metadata.recovery.strategy = none
	metric.reporters = []
	metrics.num.samples = 2
	metrics.recording.level = INFO
	metrics.sample.window.ms = 30000
	receive.buffer.bytes = 65536
	reconnect.backoff.max.ms = 1000
	reconnect.backoff.ms = 50
	request.timeout.ms = 30000
	retries = 2147483647
	retry.backoff.max.ms = 1000
	retry.backoff.ms = 100
	sasl.client.callback.handler.class = null
	sasl.jaas.config = null
	sasl.kerberos.kinit.cmd = /usr/bin/kinit
	sasl.kerberos.min.time.before.relogin = 60000
	sasl.kerberos.service.name = null
	sasl.kerberos.ticket.renew.jitter = 0.05
	sasl.kerberos.ticket.renew.window.factor = 0.8
	sasl.login.callback.handler.class = null
	sasl.login.class = null
	sasl.login.connect.timeout.ms = null
	sasl.login.read.timeout.ms = null
	sasl.login.refresh.buffer.seconds = 300
	sasl.login.refresh.min.period.seconds = 60
	sasl.login.refresh.window.factor = 0.8
	sasl.login.refresh.window.jitter = 0.05
	sasl.login.retry.backoff.max.ms = 10000
	sasl.login.retry.backoff.ms = 100
	sasl.mechanism = GSSAPI
	sasl.oauthbearer.clock.skew.seconds = 30
	sasl.oauthbearer.expected.audience = null
	sasl.oauthbearer.expected.issuer = null
	sasl.oauthbearer.jwks.endpoint.refresh.ms = 3600000
	sasl.oauthbearer.jwks.endpoint.retry.backoff.max.ms = 10000
	sasl.oauthbearer.jwks.endpoint.retry.backoff.ms = 100
	sasl.oauthbearer.jwks.endpoint.url = null
	sasl.oauthbearer.scope.claim.name = scope
	sasl.oauthbearer.sub.claim.name = sub
	sasl.oauthbearer.token.endpoint.url = null
	security.protocol = PLAINTEXT
	security.providers = null
	send.buffer.bytes = 131072
	socket.connection.setup.timeout.max.ms = 30000
	socket.connection.setup.timeout.ms = 10000
	ssl.cipher.suites = null
	ssl.enabled.protocols = [TLSv1.2, TLSv1.3]
	ssl.endpoint.identification.algorithm = https
	ssl.engine.factory.class = null
	ssl.key.password = null
	ssl.keymanager.algorithm = SunX509
	ssl.keystore.certificate.chain = null
	ssl.keystore.key = null
	ssl.keystore.location = null
	ssl.keystore.password = null
	ssl.keystore.type = JKS
	ssl.protocol = TLSv1.3
	ssl.provider = null
	ssl.secure.random.implementation = null
	ssl.trustmanager.algorithm = PKIX
	ssl.truststore.certificates = null
	ssl.truststore.location = null
	ssl.truststore.password = null
	ssl.truststore.type = JKS

2025-02-02T21:20:28.841+01:00  INFO 22960 --- [products-microservice] [    Test worker] o.a.kafka.common.utils.AppInfoParser     : Kafka version: 3.8.1
2025-02-02T21:20:28.842+01:00  INFO 22960 --- [products-microservice] [    Test worker] o.a.kafka.common.utils.AppInfoParser     : Kafka commitId: 70d6ff42debf7e17
2025-02-02T21:20:28.842+01:00  INFO 22960 --- [products-microservice] [    Test worker] o.a.kafka.common.utils.AppInfoParser     : Kafka startTimeMs: 1738527628841
2025-02-02T21:20:29.050+01:00  INFO 22960 --- [products-microservice] [service-admin-0] o.a.kafka.common.utils.AppInfoParser     : App info kafka.admin.client for products-microservice-admin-0 unregistered
2025-02-02T21:20:29.055+01:00  INFO 22960 --- [products-microservice] [service-admin-0] o.apache.kafka.common.metrics.Metrics    : Metrics scheduler closed
2025-02-02T21:20:29.056+01:00  INFO 22960 --- [products-microservice] [service-admin-0] o.apache.kafka.common.metrics.Metrics    : Closing reporter org.apache.kafka.common.metrics.JmxReporter
2025-02-02T21:20:29.056+01:00  INFO 22960 --- [products-microservice] [service-admin-0] o.apache.kafka.common.metrics.Metrics    : Metrics reporters closed
2025-02-02T21:20:29.067+01:00  INFO 22960 --- [products-microservice] [    Test worker] e.p.ProductsMicroserviceApplicationTests : Started ProductsMicroserviceApplicationTests in 1.526 seconds (process running for 2.274)
]]></system-out>
  <system-err><![CDATA[Mockito is currently self-attaching to enable the inline-mock-maker. This will no longer work in future releases of the JDK. Please add Mockito as an agent to your build what is described in Mockito's documentation: https://javadoc.io/doc/org.mockito/mockito-core/latest/org/mockito/Mockito.html#0.3
WARNING: A Java agent has been loaded dynamically (/home/lei/.m2/repository/net/bytebuddy/byte-buddy-agent/1.15.11/byte-buddy-agent-1.15.11.jar)
WARNING: If a serviceability tool is in use, please run with -XX:+EnableDynamicAgentLoading to hide this warning
WARNING: If a serviceability tool is not in use, please run with -Djdk.instrument.traceUsage for more information
WARNING: Dynamic loading of agents will be disallowed by default in a future release
]]></system-err>
</testsuite>
